<?xml version="1.0" encoding="UTF-8"?>
<robot generator="Robot 5.0 (Python 3.9.4 on win32)" generated="20220410 13:54:08.603" rpa="false" schemaversion="3">
<suite id="s1" name="Patient" source="C:\Users\JoysAngel\PycharmProjects\HospitalTestcases\tests\hospitalapp\functionaltestsuite\patient.robot">
<test id="s1-t1" name="7. Admin Logout Page" line="133">
<kw name="Open Browser" library="SeleniumLibrary">
<arg>${web_url}</arg>
<arg>chrome</arg>
<doc>Opens a new browser instance to the optional ``url``.</doc>
<msg timestamp="20220410 13:54:09.159" level="INFO">Opening browser 'chrome' to base url 'http://127.0.0.1:5000'.</msg>
<status status="PASS" starttime="20220410 13:54:09.158" endtime="20220410 13:54:11.330"/>
</kw>
<kw name="Sleep" library="BuiltIn">
<arg>2s</arg>
<doc>Pauses the test executed for the given time.</doc>
<msg timestamp="20220410 13:54:13.363" level="INFO">Slept 2 seconds</msg>
<status status="PASS" starttime="20220410 13:54:11.338" endtime="20220410 13:54:13.364"/>
</kw>
<kw name="Test 1 admname">
<kw name="Input Text" library="SeleniumLibrary">
<arg>name:username</arg>
<arg>admin</arg>
<doc>Types the given ``text`` into the text field identified by ``locator``.</doc>
<msg timestamp="20220410 13:54:13.370" level="INFO">Typing text 'admin' into text field 'name:username'.</msg>
<status status="PASS" starttime="20220410 13:54:13.368" endtime="20220410 13:54:13.559"/>
</kw>
<status status="PASS" starttime="20220410 13:54:13.366" endtime="20220410 13:54:13.560"/>
</kw>
<kw name="Test 1 Admpass">
<kw name="Input Text" library="SeleniumLibrary">
<arg>name:password</arg>
<arg>12345</arg>
<doc>Types the given ``text`` into the text field identified by ``locator``.</doc>
<msg timestamp="20220410 13:54:13.561" level="INFO">Typing text '12345' into text field 'name:password'.</msg>
<status status="PASS" starttime="20220410 13:54:13.561" endtime="20220410 13:54:13.685"/>
</kw>
<status status="PASS" starttime="20220410 13:54:13.560" endtime="20220410 13:54:13.686"/>
</kw>
<kw name="Sleep" library="BuiltIn">
<arg>1s</arg>
<doc>Pauses the test executed for the given time.</doc>
<msg timestamp="20220410 13:54:14.695" level="INFO">Slept 1 second</msg>
<status status="PASS" starttime="20220410 13:54:13.686" endtime="20220410 13:54:14.695"/>
</kw>
<kw name="Click Button" library="SeleniumLibrary">
<arg>xpath=//html/body/div/div/div/form/table/tbody/tr[3]/td[2]/button</arg>
<doc>Clicks the button identified by ``locator``.</doc>
<msg timestamp="20220410 13:54:14.696" level="INFO">Clicking button 'xpath=//html/body/div/div/div/form/table/tbody/tr[3]/td[2]/button'.</msg>
<status status="PASS" starttime="20220410 13:54:14.695" endtime="20220410 13:54:14.907"/>
</kw>
<kw name="Sleep" library="BuiltIn">
<arg>1s</arg>
<doc>Pauses the test executed for the given time.</doc>
<msg timestamp="20220410 13:54:15.914" level="INFO">Slept 1 second</msg>
<status status="PASS" starttime="20220410 13:54:14.907" endtime="20220410 13:54:15.914"/>
</kw>
<kw name="Click Element" library="SeleniumLibrary">
<arg>xpath=//html/body/nav[2]/div/div/ul/li[6]/a</arg>
<doc>Click the element identified by ``locator``.</doc>
<msg timestamp="20220410 13:54:15.914" level="INFO">Clicking element 'xpath=//html/body/nav[2]/div/div/ul/li[6]/a'.</msg>
<status status="PASS" starttime="20220410 13:54:15.914" endtime="20220410 13:54:16.015"/>
</kw>
<kw name="Sleep" library="BuiltIn">
<arg>2s</arg>
<doc>Pauses the test executed for the given time.</doc>
<msg timestamp="20220410 13:54:18.032" level="INFO">Slept 2 seconds</msg>
<status status="PASS" starttime="20220410 13:54:16.016" endtime="20220410 13:54:18.032"/>
</kw>
<kw name="Close Browser" library="SeleniumLibrary">
<doc>Closes the current browser.</doc>
<status status="PASS" starttime="20220410 13:54:18.032" endtime="20220410 13:54:20.262"/>
</kw>
<doc>This test is for Admin to Logout</doc>
<tag>admin</tag>
<status status="PASS" starttime="20220410 13:54:09.157" endtime="20220410 13:54:20.265"/>
</test>
<status status="PASS" starttime="20220410 13:54:08.611" endtime="20220410 13:54:20.270"/>
</suite>
<statistics>
<total>
<stat pass="1" fail="0" skip="0">All Tests</stat>
</total>
<tag>
<stat pass="1" fail="0" skip="0">admin</stat>
</tag>
<suite>
<stat pass="1" fail="0" skip="0" id="s1" name="Patient">Patient</stat>
</suite>
</statistics>
<errors>
</errors>
</robot>
