<?xml version="1.0" encoding="UTF-8"?>
<robot generator="Robot 5.0 (Python 3.9.4 on win32)" generated="20220410 18:03:26.865" rpa="false" schemaversion="3">
<suite id="s1" name="Book" source="C:\Users\JoysAngel\PycharmProjects\HospitalTestcases\tests\BookApp\functionaltestsuite\book.robot">
<test id="s1-t1" name="user log out" line="226">
<kw name="Open Browser" library="SeleniumLibrary">
<arg>${admin_page}</arg>
<arg>chrome</arg>
<doc>Opens a new browser instance to the optional ``url``.</doc>
<msg timestamp="20220410 18:03:27.133" level="INFO">Opening browser 'chrome' to base url 'http://127.0.0.1:5000'.</msg>
<status status="PASS" starttime="20220410 18:03:27.133" endtime="20220410 18:03:29.058"/>
</kw>
<kw name="Maximize Browser Window" library="SeleniumLibrary">
<doc>Maximizes current browser window.</doc>
<status status="PASS" starttime="20220410 18:03:29.058" endtime="20220410 18:03:29.198"/>
</kw>
<kw name="Click Element" library="SeleniumLibrary">
<arg>xpath=//html/body/div[2]/div/div/form/table/tbody/tr[5]/td[2]/a</arg>
<doc>Click the element identified by ``locator``.</doc>
<msg timestamp="20220410 18:03:29.200" level="INFO">Clicking element 'xpath=//html/body/div[2]/div/div/form/table/tbody/tr[5]/td[2]/a'.</msg>
<status status="PASS" starttime="20220410 18:03:29.199" endtime="20220410 18:03:29.371"/>
</kw>
<kw name="user log in email">
<kw name="Input Text" library="SeleniumLibrary">
<arg>name:email</arg>
<arg>joysangelm@gmail.com</arg>
<doc>Types the given ``text`` into the text field identified by ``locator``.</doc>
<msg timestamp="20220410 18:03:29.373" level="INFO">Typing text 'joysangelm@gmail.com' into text field 'name:email'.</msg>
<status status="PASS" starttime="20220410 18:03:29.372" endtime="20220410 18:03:29.509"/>
</kw>
<status status="PASS" starttime="20220410 18:03:29.372" endtime="20220410 18:03:29.510"/>
</kw>
<kw name="user log in pass">
<kw name="Input Text" library="SeleniumLibrary">
<arg>name:pass</arg>
<arg>1234</arg>
<doc>Types the given ``text`` into the text field identified by ``locator``.</doc>
<msg timestamp="20220410 18:03:29.510" level="INFO">Typing text '1234' into text field 'name:pass'.</msg>
<status status="PASS" starttime="20220410 18:03:29.510" endtime="20220410 18:03:29.601"/>
</kw>
<status status="PASS" starttime="20220410 18:03:29.510" endtime="20220410 18:03:29.601"/>
</kw>
<kw name="Click Button" library="SeleniumLibrary">
<arg>xpath=//html/body/div[2]/div/div/form/table/tbody/tr[3]/td[2]/button</arg>
<doc>Clicks the button identified by ``locator``.</doc>
<msg timestamp="20220410 18:03:29.601" level="INFO">Clicking button 'xpath=//html/body/div[2]/div/div/form/table/tbody/tr[3]/td[2]/button'.</msg>
<status status="PASS" starttime="20220410 18:03:29.601" endtime="20220410 18:03:29.833"/>
</kw>
<kw name="Sleep" library="BuiltIn">
<arg>1s</arg>
<doc>Pauses the test executed for the given time.</doc>
<msg timestamp="20220410 18:03:30.846" level="INFO">Slept 1 second</msg>
<status status="PASS" starttime="20220410 18:03:29.834" endtime="20220410 18:03:30.847"/>
</kw>
<kw name="Click Element" library="SeleniumLibrary">
<arg>xpath=//html/body/nav[2]/div/div/ul/li[3]/a</arg>
<doc>Click the element identified by ``locator``.</doc>
<msg timestamp="20220410 18:03:30.849" level="INFO">Clicking element 'xpath=//html/body/nav[2]/div/div/ul/li[3]/a'.</msg>
<status status="PASS" starttime="20220410 18:03:30.848" endtime="20220410 18:03:31.036"/>
</kw>
<kw name="Sleep" library="BuiltIn">
<arg>1s</arg>
<doc>Pauses the test executed for the given time.</doc>
<msg timestamp="20220410 18:03:32.053" level="INFO">Slept 1 second</msg>
<status status="PASS" starttime="20220410 18:03:31.037" endtime="20220410 18:03:32.054"/>
</kw>
<kw name="Close Browser" library="SeleniumLibrary">
<doc>Closes the current browser.</doc>
<status status="PASS" starttime="20220410 18:03:32.058" endtime="20220410 18:03:34.301"/>
</kw>
<status status="PASS" starttime="20220410 18:03:27.132" endtime="20220410 18:03:34.301"/>
</test>
<status status="PASS" starttime="20220410 18:03:26.867" endtime="20220410 18:03:34.304"/>
</suite>
<statistics>
<total>
<stat pass="1" fail="0" skip="0">All Tests</stat>
</total>
<tag>
</tag>
<suite>
<stat pass="1" fail="0" skip="0" id="s1" name="Book">Book</stat>
</suite>
</statistics>
<errors>
</errors>
</robot>
